<?xml version="1.0" encoding="UTF-8"?>
<testsuites>
  <testsuite name="fastlane.lanes">
    
    
    
      
      <testcase classname="fastlane.lanes" name="0: create_keychain" time="17.658356">
        
          <failure message="/Library/Ruby/Gems/2.3.0/gems/fastlane-2.84.0/fastlane/lib/fastlane/actions/actions_helper.rb:48:in `execute_action'&#10;/Library/Ruby/Gems/2.3.0/gems/fastlane-2.84.0/fastlane/lib/fastlane/runner.rb:236:in `block in execute_action'&#10;/Library/Ruby/Gems/2.3.0/gems/fastlane-2.84.0/fastlane/lib/fastlane/runner.rb:231:in `chdir'&#10;/Library/Ruby/Gems/2.3.0/gems/fastlane-2.84.0/fastlane/lib/fastlane/runner.rb:231:in `execute_action'&#10;/Library/Ruby/Gems/2.3.0/gems/fastlane-2.84.0/fastlane/lib/fastlane/runner.rb:157:in `trigger_action_by_name'&#10;/Library/Ruby/Gems/2.3.0/gems/fastlane-2.84.0/fastlane/lib/fastlane/fast_file.rb:148:in `method_missing'&#10;Fastfile:6:in `block (2 levels) in parsing_binding'&#10;/Library/Ruby/Gems/2.3.0/gems/fastlane-2.84.0/fastlane/lib/fastlane/runner.rb:292:in `execute_flow_block'&#10;/Library/Ruby/Gems/2.3.0/gems/fastlane-2.84.0/fastlane/lib/fastlane/runner.rb:46:in `block in execute'&#10;/Library/Ruby/Gems/2.3.0/gems/fastlane-2.84.0/fastlane/lib/fastlane/runner.rb:45:in `chdir'&#10;/Library/Ruby/Gems/2.3.0/gems/fastlane-2.84.0/fastlane/lib/fastlane/runner.rb:45:in `execute'&#10;/Library/Ruby/Gems/2.3.0/gems/fastlane-2.84.0/fastlane/lib/fastlane/lane_manager.rb:57:in `cruise_lane'&#10;/Library/Ruby/Gems/2.3.0/gems/fastlane-2.84.0/fastlane/lib/fastlane/command_line_handler.rb:36:in `handle'&#10;/Library/Ruby/Gems/2.3.0/gems/fastlane-2.84.0/fastlane/lib/fastlane/commands_generator.rb:108:in `block (2 levels) in run'&#10;/Library/Ruby/Gems/2.3.0/gems/commander-fastlane-4.4.6/lib/commander/command.rb:178:in `call'&#10;/Library/Ruby/Gems/2.3.0/gems/commander-fastlane-4.4.6/lib/commander/command.rb:153:in `run'&#10;/Library/Ruby/Gems/2.3.0/gems/commander-fastlane-4.4.6/lib/commander/runner.rb:476:in `run_active_command'&#10;/Library/Ruby/Gems/2.3.0/gems/fastlane-2.84.0/fastlane_core/lib/fastlane_core/ui/fastlane_runner.rb:76:in `run!'&#10;/Library/Ruby/Gems/2.3.0/gems/commander-fastlane-4.4.6/lib/commander/delegates.rb:15:in `run!'&#10;/Library/Ruby/Gems/2.3.0/gems/fastlane-2.84.0/fastlane/lib/fastlane/commands_generator.rb:337:in `run'&#10;/Library/Ruby/Gems/2.3.0/gems/fastlane-2.84.0/fastlane/lib/fastlane/commands_generator.rb:42:in `start'&#10;/Library/Ruby/Gems/2.3.0/gems/fastlane-2.84.0/fastlane/lib/fastlane/cli_tools_distributor.rb:98:in `take_off'&#10;/Library/Ruby/Gems/2.3.0/gems/fastlane-2.84.0/bin/fastlane:20:in `&lt;top (required)&gt;'&#10;/usr/local/bin/fastlane:22:in `load'&#10;/usr/local/bin/fastlane:22:in `&lt;top (required)&gt;'&#10;/Library/Ruby/Gems/2.3.0/gems/bundler-1.16.1/lib/bundler/cli/exec.rb:75:in `load'&#10;/Library/Ruby/Gems/2.3.0/gems/bundler-1.16.1/lib/bundler/cli/exec.rb:75:in `kernel_load'&#10;/Library/Ruby/Gems/2.3.0/gems/bundler-1.16.1/lib/bundler/cli/exec.rb:28:in `run'&#10;/Library/Ruby/Gems/2.3.0/gems/bundler-1.16.1/lib/bundler/cli.rb:424:in `exec'&#10;/Library/Ruby/Gems/2.3.0/gems/bundler-1.16.1/lib/bundler/vendor/thor/lib/thor/command.rb:27:in `run'&#10;/Library/Ruby/Gems/2.3.0/gems/bundler-1.16.1/lib/bundler/vendor/thor/lib/thor/invocation.rb:126:in `invoke_command'&#10;/Library/Ruby/Gems/2.3.0/gems/bundler-1.16.1/lib/bundler/vendor/thor/lib/thor.rb:387:in `dispatch'&#10;/Library/Ruby/Gems/2.3.0/gems/bundler-1.16.1/lib/bundler/cli.rb:27:in `dispatch'&#10;/Library/Ruby/Gems/2.3.0/gems/bundler-1.16.1/lib/bundler/vendor/thor/lib/thor/base.rb:466:in `start'&#10;/Library/Ruby/Gems/2.3.0/gems/bundler-1.16.1/lib/bundler/cli.rb:18:in `start'&#10;/Library/Ruby/Gems/2.3.0/gems/bundler-1.16.1/exe/bundle:30:in `block in &lt;top (required)&gt;'&#10;/Library/Ruby/Gems/2.3.0/gems/bundler-1.16.1/lib/bundler/friendly_errors.rb:122:in `with_friendly_errors'&#10;/Library/Ruby/Gems/2.3.0/gems/bundler-1.16.1/exe/bundle:22:in `&lt;top (required)&gt;'&#10;/usr/local/bin/bundle:22:in `load'&#10;/usr/local/bin/bundle:22:in `&lt;main&gt;'&#10;&#10;undefined method `shellescape' for nil:NilClass" />
        
      </testcase>
    
      
      <testcase classname="fastlane.lanes" name="1: delete_keychain" time="0.001981">
        
          <failure message="/Library/Ruby/Gems/2.3.0/gems/fastlane-2.84.0/fastlane/lib/fastlane/actions/actions_helper.rb:48:in `execute_action'&#10;/Library/Ruby/Gems/2.3.0/gems/fastlane-2.84.0/fastlane/lib/fastlane/runner.rb:236:in `block in execute_action'&#10;/Library/Ruby/Gems/2.3.0/gems/fastlane-2.84.0/fastlane/lib/fastlane/runner.rb:231:in `chdir'&#10;/Library/Ruby/Gems/2.3.0/gems/fastlane-2.84.0/fastlane/lib/fastlane/runner.rb:231:in `execute_action'&#10;/Library/Ruby/Gems/2.3.0/gems/fastlane-2.84.0/fastlane/lib/fastlane/runner.rb:157:in `trigger_action_by_name'&#10;/Library/Ruby/Gems/2.3.0/gems/fastlane-2.84.0/fastlane/lib/fastlane/fast_file.rb:148:in `method_missing'&#10;Fastfile:97:in `block (2 levels) in parsing_binding'&#10;/Library/Ruby/Gems/2.3.0/gems/fastlane-2.84.0/fastlane/lib/fastlane/runner.rb:62:in `block in execute'&#10;/Library/Ruby/Gems/2.3.0/gems/fastlane-2.84.0/fastlane/lib/fastlane/runner.rb:59:in `chdir'&#10;/Library/Ruby/Gems/2.3.0/gems/fastlane-2.84.0/fastlane/lib/fastlane/runner.rb:59:in `rescue in execute'&#10;/Library/Ruby/Gems/2.3.0/gems/fastlane-2.84.0/fastlane/lib/fastlane/runner.rb:44:in `execute'&#10;/Library/Ruby/Gems/2.3.0/gems/fastlane-2.84.0/fastlane/lib/fastlane/lane_manager.rb:57:in `cruise_lane'&#10;/Library/Ruby/Gems/2.3.0/gems/fastlane-2.84.0/fastlane/lib/fastlane/command_line_handler.rb:36:in `handle'&#10;/Library/Ruby/Gems/2.3.0/gems/fastlane-2.84.0/fastlane/lib/fastlane/commands_generator.rb:108:in `block (2 levels) in run'&#10;/Library/Ruby/Gems/2.3.0/gems/commander-fastlane-4.4.6/lib/commander/command.rb:178:in `call'&#10;/Library/Ruby/Gems/2.3.0/gems/commander-fastlane-4.4.6/lib/commander/command.rb:153:in `run'&#10;/Library/Ruby/Gems/2.3.0/gems/commander-fastlane-4.4.6/lib/commander/runner.rb:476:in `run_active_command'&#10;/Library/Ruby/Gems/2.3.0/gems/fastlane-2.84.0/fastlane_core/lib/fastlane_core/ui/fastlane_runner.rb:76:in `run!'&#10;/Library/Ruby/Gems/2.3.0/gems/commander-fastlane-4.4.6/lib/commander/delegates.rb:15:in `run!'&#10;/Library/Ruby/Gems/2.3.0/gems/fastlane-2.84.0/fastlane/lib/fastlane/commands_generator.rb:337:in `run'&#10;/Library/Ruby/Gems/2.3.0/gems/fastlane-2.84.0/fastlane/lib/fastlane/commands_generator.rb:42:in `start'&#10;/Library/Ruby/Gems/2.3.0/gems/fastlane-2.84.0/fastlane/lib/fastlane/cli_tools_distributor.rb:98:in `take_off'&#10;/Library/Ruby/Gems/2.3.0/gems/fastlane-2.84.0/bin/fastlane:20:in `&lt;top (required)&gt;'&#10;/usr/local/bin/fastlane:22:in `load'&#10;/usr/local/bin/fastlane:22:in `&lt;top (required)&gt;'&#10;/Library/Ruby/Gems/2.3.0/gems/bundler-1.16.1/lib/bundler/cli/exec.rb:75:in `load'&#10;/Library/Ruby/Gems/2.3.0/gems/bundler-1.16.1/lib/bundler/cli/exec.rb:75:in `kernel_load'&#10;/Library/Ruby/Gems/2.3.0/gems/bundler-1.16.1/lib/bundler/cli/exec.rb:28:in `run'&#10;/Library/Ruby/Gems/2.3.0/gems/bundler-1.16.1/lib/bundler/cli.rb:424:in `exec'&#10;/Library/Ruby/Gems/2.3.0/gems/bundler-1.16.1/lib/bundler/vendor/thor/lib/thor/command.rb:27:in `run'&#10;/Library/Ruby/Gems/2.3.0/gems/bundler-1.16.1/lib/bundler/vendor/thor/lib/thor/invocation.rb:126:in `invoke_command'&#10;/Library/Ruby/Gems/2.3.0/gems/bundler-1.16.1/lib/bundler/vendor/thor/lib/thor.rb:387:in `dispatch'&#10;/Library/Ruby/Gems/2.3.0/gems/bundler-1.16.1/lib/bundler/cli.rb:27:in `dispatch'&#10;/Library/Ruby/Gems/2.3.0/gems/bundler-1.16.1/lib/bundler/vendor/thor/lib/thor/base.rb:466:in `start'&#10;/Library/Ruby/Gems/2.3.0/gems/bundler-1.16.1/lib/bundler/cli.rb:18:in `start'&#10;/Library/Ruby/Gems/2.3.0/gems/bundler-1.16.1/exe/bundle:30:in `block in &lt;top (required)&gt;'&#10;/Library/Ruby/Gems/2.3.0/gems/bundler-1.16.1/lib/bundler/friendly_errors.rb:122:in `with_friendly_errors'&#10;/Library/Ruby/Gems/2.3.0/gems/bundler-1.16.1/exe/bundle:22:in `&lt;top (required)&gt;'&#10;/usr/local/bin/bundle:22:in `load'&#10;/usr/local/bin/bundle:22:in `&lt;main&gt;'&#10;&#10;You either have to set :name or :keychain_path" />
        
      </testcase>
    
  </testsuite>
</testsuites>
